<?xml version="1.0" encoding="UTF-8"?>
<!-- Generated by org.testng.reporters.JUnitReportReporter -->
<testsuite hostname="saif" failures="0" tests="2" name="seleniumtests.TestngDemo1" time="0.037" errors="0" timestamp="2022-11-15T10:32:14 IST" skipped="0">
  <testcase classname="seleniumtests.TestngDemo1" name="method3" time="0.013"/>
  <system-out/>
  <testcase classname="seleniumtests.TestngDemo1" name="method4" time="0.024"/>
  <system-out/>
</testsuite> <!-- seleniumtests.TestngDemo1 -->
