<?xml version="1.0" encoding="UTF-8"?>
<!-- Generated by org.testng.reporters.JUnitReportReporter -->
<testsuite hostname="saif" failures="0" tests="2" name="seleniumtests.TestNgDemo" time="0.046" errors="0" timestamp="2022-11-15T10:32:14 IST" skipped="0">
  <testcase classname="seleniumtests.TestNgDemo" name="method4" time="0.023"/>
  <system-out/>
  <testcase classname="seleniumtests.TestNgDemo" name="method3" time="0.023"/>
  <system-out/>
</testsuite> <!-- seleniumtests.TestNgDemo -->
